Base path: 'C:/Program Files/Unity/Hub/Editor/2019.4.28f1/Editor/Data', plugins path 'C:/Program Files/Unity/Hub/Editor/2019.4.28f1/Editor/Data/PlaybackEngines'
Cmd: initializeCompiler
Cmd: compileSnippet
  api=4 type=0 insize=847 outsize=714 kw= pd=UNITY_ENABLE_REFLECTION_BUFFERS UNITY_USE_DITHER_MASK_FOR_ALPHABLENDED_SHADOWS UNITY_PBS_USE_BRDF1 UNITY_SPECCUBE_BOX_PROJECTION UNITY_SPECCUBE_BLENDING UNITY_ENABLE_DETAIL_NORMALMAP SHADER_API_DESKTOP UNITY_LIGHT_PROBE_PROXY_VOLUME UNITY_LIGHTMAP_RGBM_ENCODING ok=1
Cmd: compileSnippet
  api=4 type=1 insize=847 outsize=386 kw= pd=UNITY_ENABLE_REFLECTION_BUFFERS UNITY_USE_DITHER_MASK_FOR_ALPHABLENDED_SHADOWS UNITY_PBS_USE_BRDF1 UNITY_SPECCUBE_BOX_PROJECTION UNITY_SPECCUBE_BLENDING UNITY_ENABLE_DETAIL_NORMALMAP SHADER_API_DESKTOP UNITY_LIGHT_PROBE_PROXY_VOLUME UNITY_LIGHTMAP_RGBM_ENCODING ok=1
Cmd: preprocess
  insize=771 outsize=196 ok=1
Cmd: preprocess
  insize=771 outsize=196 ok=1
Cmd: preprocess
  insize=771 outsize=196 ok=1
Cmd: preprocess
  insize=771 outsize=196 ok=1
Cmd: preprocess
  insize=771 outsize=196 ok=1
Cmd: preprocess
  insize=771 outsize=196 ok=1
Cmd: preprocess
  insize=771 outsize=196 ok=1
Cmd: preprocess
  insize=771 outsize=196 ok=1
Cmd: preprocess
  insize=771 outsize=196 ok=1
Cmd: preprocess
  insize=771 outsize=196 ok=1
Cmd: preprocess
  insize=771 outsize=196 ok=1
Cmd: preprocess
  insize=771 outsize=196 ok=1
Cmd: preprocess
  insize=771 outsize=196 ok=1
Cmd: preprocess
  insize=3776 outsize=455 ok=1
Cmd: preprocess
  insize=3766 outsize=455 ok=1
Cmd: preprocess
  insize=11581 outsize=821 ok=1
Cmd: preprocess
  insize=4070 outsize=447 ok=1
Cmd: preprocess
  insize=6006 outsize=444 ok=1
Cmd: preprocess
  insize=5236 outsize=448 ok=1
Cmd: preprocess
  insize=3989 outsize=445 ok=1
Cmd: preprocess
  insize=3537 outsize=444 ok=1
Cmd: preprocess
  insize=3348 outsize=448 ok=1
Cmd: preprocess
  insize=771 outsize=196 ok=1
Cmd: preprocess
  insize=771 outsize=196 ok=1
Cmd: preprocess
  insize=771 outsize=196 ok=1
Cmd: preprocess
  insize=771 outsize=196 ok=1
Cmd: preprocess
  insize=771 outsize=196 ok=1
Cmd: preprocess
  insize=771 outsize=196 ok=1
Cmd: preprocess
  insize=771 outsize=196 ok=1
Cmd: preprocess
  insize=771 outsize=196 ok=1
Cmd: preprocess
  insize=771 outsize=196 ok=1
Cmd: preprocess
  insize=771 outsize=196 ok=1
Cmd: preprocess
  insize=771 outsize=196 ok=1
Cmd: preprocess
  insize=771 outsize=196 ok=1
Cmd: preprocess
  insize=771 outsize=196 ok=1
Cmd: preprocess
  insize=3776 outsize=455 ok=1
Cmd: preprocess
  insize=3766 outsize=455 ok=1
Cmd: preprocess
  insize=11581 outsize=821 ok=1
Cmd: preprocess
  insize=4070 outsize=447 ok=1
Cmd: preprocess
  insize=6006 outsize=444 ok=1
Cmd: preprocess
  insize=5236 outsize=448 ok=1
Cmd: preprocess
  insize=3989 outsize=445 ok=1
Cmd: preprocess
  insize=3537 outsize=444 ok=1
Cmd: preprocess
  insize=3348 outsize=448 ok=1
Cmd: preprocess
  insize=3766 outsize=455 ok=1
Cmd: preprocess
  insize=6006 outsize=444 ok=1
Cmd: preprocess
  insize=11581 outsize=821 ok=1
Cmd: preprocess
  insize=3776 outsize=455 ok=1
Cmd: preprocess
  insize=4070 outsize=447 ok=1
Cmd: preprocess
  insize=5236 outsize=448 ok=1
Cmd: preprocess
  insize=771 outsize=196 ok=1
Cmd: preprocess
  insize=771 outsize=196 ok=1
Cmd: preprocess
  insize=771 outsize=196 ok=1
Cmd: preprocess
  insize=771 outsize=196 ok=1
Cmd: preprocess
  insize=771 outsize=196 ok=1
Cmd: preprocess
  insize=771 outsize=196 ok=1
Cmd: preprocess
  insize=771 outsize=196 ok=1
Cmd: preprocess
  insize=771 outsize=196 ok=1
Cmd: preprocess
  insize=771 outsize=196 ok=1
Cmd: preprocess
  insize=771 outsize=196 ok=1
Cmd: preprocess
  insize=771 outsize=196 ok=1
Cmd: preprocess
  insize=771 outsize=196 ok=1
Cmd: preprocess
  insize=771 outsize=196 ok=1
Cmd: preprocess
  insize=3776 outsize=455 ok=1
Cmd: preprocess
  insize=3766 outsize=455 ok=1
Cmd: preprocess
  insize=11581 outsize=821 ok=1
Cmd: preprocess
  insize=4070 outsize=447 ok=1
Cmd: preprocess
  insize=6006 outsize=444 ok=1
Cmd: preprocess
  insize=5236 outsize=448 ok=1
Cmd: preprocess
  insize=3989 outsize=445 ok=1
Cmd: preprocess
  insize=3537 outsize=444 ok=1
Cmd: preprocess
  insize=3348 outsize=448 ok=1
Cmd: shutdown
